[0.024s] Invoking command in '/home/user/ros2_ws/src/citylab_project/build/robot_patrol': CMAKE_PREFIX_PATH=${CMAKE_PREFIX_PATH}:/home/simulations/ros2_sims_ws/install/rclrs_tests:/home/simulations/ros2_sims_ws/install/examples_rclrs_minimal_client_service:/home/simulations/ros2_sims_ws/install/sensor_msgs_py:/home/simulations/ros2_sims_ws/install/examples_rclrs_minimal_pub_sub:/home/simulations/ros2_sims_ws/install/examples_rclrs_message_demo:/home/simulations/ros2_sims_ws/install/rclrs:/home/simulations/ros2_sims_ws/install/rosidl_runtime_rs:/opt/ros/humble _=/usr/bin/env /usr/bin/cmake --build /home/user/ros2_ws/src/citylab_project/build/robot_patrol -- -j8 -l8
[0.077s] [35m[1mConsolidate compiler generated dependencies of target patrol_node[0m
[0.101s] [ 50%] [32mBuilding CXX object CMakeFiles/patrol_node.dir/src/patrol.cpp.o[0m
[9.115s] [100%] [32m[1mLinking CXX executable patrol_node[0m
[9.458s] [100%] Built target patrol_node
[9.473s] Invoked command in '/home/user/ros2_ws/src/citylab_project/build/robot_patrol' returned '0': CMAKE_PREFIX_PATH=${CMAKE_PREFIX_PATH}:/home/simulations/ros2_sims_ws/install/rclrs_tests:/home/simulations/ros2_sims_ws/install/examples_rclrs_minimal_client_service:/home/simulations/ros2_sims_ws/install/sensor_msgs_py:/home/simulations/ros2_sims_ws/install/examples_rclrs_minimal_pub_sub:/home/simulations/ros2_sims_ws/install/examples_rclrs_message_demo:/home/simulations/ros2_sims_ws/install/rclrs:/home/simulations/ros2_sims_ws/install/rosidl_runtime_rs:/opt/ros/humble _=/usr/bin/env /usr/bin/cmake --build /home/user/ros2_ws/src/citylab_project/build/robot_patrol -- -j8 -l8
[9.538s] Invoking command in '/home/user/ros2_ws/src/citylab_project/build/robot_patrol': CMAKE_PREFIX_PATH=${CMAKE_PREFIX_PATH}:/home/simulations/ros2_sims_ws/install/rclrs_tests:/home/simulations/ros2_sims_ws/install/examples_rclrs_minimal_client_service:/home/simulations/ros2_sims_ws/install/sensor_msgs_py:/home/simulations/ros2_sims_ws/install/examples_rclrs_minimal_pub_sub:/home/simulations/ros2_sims_ws/install/examples_rclrs_message_demo:/home/simulations/ros2_sims_ws/install/rclrs:/home/simulations/ros2_sims_ws/install/rosidl_runtime_rs:/opt/ros/humble _=/usr/bin/env /usr/bin/cmake --install /home/user/ros2_ws/src/citylab_project/build/robot_patrol
[9.548s] -- Install configuration: ""
[9.548s] -- Installing: /home/user/ros2_ws/src/citylab_project/install/robot_patrol/lib/robot_patrol/patrol_node
[9.553s] -- Set runtime path of "/home/user/ros2_ws/src/citylab_project/install/robot_patrol/lib/robot_patrol/patrol_node" to ""
[9.553s] -- Installing: /home/user/ros2_ws/src/citylab_project/install/robot_patrol/share/robot_patrol//launch
[9.553s] -- Installing: /home/user/ros2_ws/src/citylab_project/install/robot_patrol/share/robot_patrol//launch/start_patrolling.launch.py
[9.553s] -- Installing: /home/user/ros2_ws/src/citylab_project/install/robot_patrol/share/ament_index/resource_index/package_run_dependencies/robot_patrol
[9.553s] -- Installing: /home/user/ros2_ws/src/citylab_project/install/robot_patrol/share/ament_index/resource_index/parent_prefix_path/robot_patrol
[9.554s] -- Installing: /home/user/ros2_ws/src/citylab_project/install/robot_patrol/share/robot_patrol/environment/ament_prefix_path.sh
[9.554s] -- Installing: /home/user/ros2_ws/src/citylab_project/install/robot_patrol/share/robot_patrol/environment/ament_prefix_path.dsv
[9.554s] -- Installing: /home/user/ros2_ws/src/citylab_project/install/robot_patrol/share/robot_patrol/environment/path.sh
[9.554s] -- Installing: /home/user/ros2_ws/src/citylab_project/install/robot_patrol/share/robot_patrol/environment/path.dsv
[9.554s] -- Installing: /home/user/ros2_ws/src/citylab_project/install/robot_patrol/share/robot_patrol/local_setup.bash
[9.554s] -- Installing: /home/user/ros2_ws/src/citylab_project/install/robot_patrol/share/robot_patrol/local_setup.sh
[9.555s] -- Installing: /home/user/ros2_ws/src/citylab_project/install/robot_patrol/share/robot_patrol/local_setup.zsh
[9.555s] -- Installing: /home/user/ros2_ws/src/citylab_project/install/robot_patrol/share/robot_patrol/local_setup.dsv
[9.555s] -- Installing: /home/user/ros2_ws/src/citylab_project/install/robot_patrol/share/robot_patrol/package.dsv
[9.555s] -- Installing: /home/user/ros2_ws/src/citylab_project/install/robot_patrol/share/ament_index/resource_index/packages/robot_patrol
[9.555s] -- Installing: /home/user/ros2_ws/src/citylab_project/install/robot_patrol/share/robot_patrol/cmake/robot_patrolConfig.cmake
[9.555s] -- Installing: /home/user/ros2_ws/src/citylab_project/install/robot_patrol/share/robot_patrol/cmake/robot_patrolConfig-version.cmake
[9.556s] -- Installing: /home/user/ros2_ws/src/citylab_project/install/robot_patrol/share/robot_patrol/package.xml
[9.558s] Invoked command in '/home/user/ros2_ws/src/citylab_project/build/robot_patrol' returned '0': CMAKE_PREFIX_PATH=${CMAKE_PREFIX_PATH}:/home/simulations/ros2_sims_ws/install/rclrs_tests:/home/simulations/ros2_sims_ws/install/examples_rclrs_minimal_client_service:/home/simulations/ros2_sims_ws/install/sensor_msgs_py:/home/simulations/ros2_sims_ws/install/examples_rclrs_minimal_pub_sub:/home/simulations/ros2_sims_ws/install/examples_rclrs_message_demo:/home/simulations/ros2_sims_ws/install/rclrs:/home/simulations/ros2_sims_ws/install/rosidl_runtime_rs:/opt/ros/humble _=/usr/bin/env /usr/bin/cmake --install /home/user/ros2_ws/src/citylab_project/build/robot_patrol
